0 info it worked if it ends with ok
1 verbose cli [ '/Users/lisa/.nvm/versions/node/v0.12.1/bin/node',
1 verbose cli   '/Users/lisa/.nvm/versions/node/v0.12.1/bin/npm',
1 verbose cli   'install' ]
2 info using npm@2.5.1
3 info using node@v0.12.1
4 verbose config Skipping project config: /Users/lisa/.npmrc. (matches userconfig)
5 error install Couldn't read dependencies
6 verbose stack Error: ENOENT, open '/Users/lisa/package.json'
6 verbose stack     at Error (native)
7 verbose cwd /Users/lisa/Projects/RProjects/asasli.com
8 error Darwin 14.5.0
9 error argv "/Users/lisa/.nvm/versions/node/v0.12.1/bin/node" "/Users/lisa/.nvm/versions/node/v0.12.1/bin/npm" "install"
10 error node v0.12.1
11 error npm  v2.5.1
12 error path /Users/lisa/package.json
13 error code ENOPACKAGEJSON
14 error errno -2
15 error package.json ENOENT, open '/Users/lisa/package.json'
15 error package.json This is most likely not a problem with npm itself.
15 error package.json npm can't find a package.json file in your current directory.
16 verbose exit [ -2, true ]
